{
  "stats": {
    "suites": 4,
    "tests": 6,
    "passes": 5,
    "pending": 1,
    "failures": 0,
    "start": "2022-11-08T19:14:59.203Z",
    "end": "2022-11-08T19:16:15.309Z",
    "duration": 51026,
    "testsRegistered": 6,
    "passPercent": 83.33333333333333,
    "pendingPercent": 16.666666666666668,
    "other": 0,
    "hasOther": false,
    "skipped": 0,
    "hasSkipped": false
  },
  "results": [
    {
      "uuid": "2f0c0835-9666-47ed-9787-0872ecdbe0fc",
      "title": "",
      "fullFile": "cypress\\e2e\\authorizationPageObject.cy.js",
      "file": "cypress\\e2e\\authorizationPageObject.cy.js",
      "beforeHooks": [],
      "afterHooks": [],
      "tests": [
        {
          "title": "Authorization",
          "fullTitle": "Authorization",
          "timedOut": null,
          "duration": 5508,
          "state": "passed",
          "speed": "medium",
          "pass": true,
          "fail": false,
          "pending": false,
          "context": null,
          "code": "_AuthorizationPage.default.visit();\n_AuthorizationPage.default.submitLoginForm(_user.default.userName, _user.default.password);\n_AccountPage.default.getUserNameFromHeading().should('contain', _user.default.firstName).and('contain', \"My Account\");\ncy.getCookie('AC_SF_8CEFDA09D5').should('exist');",
          "err": {},
          "uuid": "dd3d6d67-966a-46e0-b2ab-dd648ba3cf7c",
          "parentUUID": "2f0c0835-9666-47ed-9787-0872ecdbe0fc",
          "isHook": false,
          "skipped": false
        },
        {
          "title": "Test inheritance",
          "fullTitle": "Test inheritance",
          "timedOut": null,
          "duration": 1102,
          "state": "passed",
          "speed": "fast",
          "pass": true,
          "fail": false,
          "pending": false,
          "context": null,
          "code": "_AuthorizationPage.default.visit();\n_AuthorizationPage.default.performSearch('i');",
          "err": {},
          "uuid": "6b018381-dc11-429e-92c4-b7c1c517e40d",
          "parentUUID": "2f0c0835-9666-47ed-9787-0872ecdbe0fc",
          "isHook": false,
          "skipped": false
        }
      ],
      "suites": [],
      "passes": [
        "dd3d6d67-966a-46e0-b2ab-dd648ba3cf7c",
        "6b018381-dc11-429e-92c4-b7c1c517e40d"
      ],
      "failures": [],
      "pending": [],
      "skipped": [],
      "duration": 6610,
      "root": true,
      "rootEmpty": false,
      "_timeout": 2000
    },
    {
      "uuid": "b4834405-02f2-45f6-b98a-8c7b299097df",
      "title": "",
      "fullFile": "cypress\\e2e\\order.cy.js",
      "file": "cypress\\e2e\\order.cy.js",
      "beforeHooks": [],
      "afterHooks": [],
      "tests": [
        {
          "title": "Place order via search with helper",
          "fullTitle": "Place order via search with helper",
          "timedOut": null,
          "duration": 16099,
          "state": "passed",
          "speed": "slow",
          "pass": true,
          "fail": false,
          "pending": false,
          "context": null,
          "code": "cy.visit('/index.php?rt=account/login');\ncy.get('#loginFrm_loginname').type(_user.default.userName);\ncy.get('#loginFrm_password').type(_user.default.password);\ncy.get('button[title=\"Login\"]').click();\ncy.get('h1.heading1').should('contain', _user.default.firstName).and('contain', \"My Account\");\ncy.get('#filter_keyword').type('i').closest('form').submit();\n(0, _helper.searchProductWithRecursion)('Benefit Bella Bamba');\ncy.get('#product_quantity').clear().type('4');\ncy.get('.productpagecart').click();\ncy.get('#cart_checkout1').click();\ncy.get('#checkout_btn').click();\ncy.get('h1.heading1').should('contain', 'Your Order Has Been Processed!');\ncy.get('.contentpanel').should('contain', 'Thank you for shopping with us!').and('contain', 'Your order ').and('contain', 'has been created!');",
          "err": {},
          "uuid": "77a8215a-297b-42ce-91e0-26589130be48",
          "parentUUID": "b4834405-02f2-45f6-b98a-8c7b299097df",
          "isHook": false,
          "skipped": false
        }
      ],
      "suites": [],
      "passes": [
        "77a8215a-297b-42ce-91e0-26589130be48"
      ],
      "failures": [],
      "pending": [],
      "skipped": [],
      "duration": 16099,
      "root": true,
      "rootEmpty": false,
      "_timeout": 2000
    },
    {
      "uuid": "11a07565-8b46-4727-8064-02591ded3050",
      "title": "",
      "fullFile": "cypress\\e2e\\registration.cy.js",
      "file": "cypress\\e2e\\registration.cy.js",
      "beforeHooks": [],
      "afterHooks": [],
      "tests": [
        {
          "title": "Registration",
          "fullTitle": "Registration",
          "timedOut": null,
          "duration": 0,
          "state": "pending",
          "speed": null,
          "pass": false,
          "fail": false,
          "pending": true,
          "context": null,
          "code": "",
          "err": {},
          "uuid": "23dd5a03-fe6b-46ba-afb4-38bd7ed016fb",
          "parentUUID": "11a07565-8b46-4727-8064-02591ded3050",
          "isHook": false,
          "skipped": false
        },
        {
          "title": "Registration with faker.js",
          "fullTitle": "Registration with faker.js",
          "timedOut": null,
          "duration": 15094,
          "state": "passed",
          "speed": "slow",
          "pass": true,
          "fail": false,
          "pending": false,
          "context": null,
          "code": "cy.visit('/');\ncy.log(\"**Open registration page**\");\ncy.get('#customer_menu_top').click();\ncy.get('#accountFrm button').click();\ncy.log(\"**Fill the registration form**\");\ncy.get('#AccountFrm_firstname').type(user.firstName);\ncy.get('#AccountFrm_lastname').type(user.lastName);\ncy.get('#AccountFrm_email').type(user.email);\ncy.get('#AccountFrm_address_1').type(user.address);\ncy.get('#AccountFrm_city').type(user.city);\ncy.get('#AccountFrm_zone_id').select(1);\ncy.get('#AccountFrm_postcode').type(user.postcode);\ncy.get('#AccountFrm_country_id').select('United Kingdom');\ncy.get('#AccountFrm_loginname').type(user.userName);\ncy.get('#AccountFrm_password').type(user.password);\ncy.get('#AccountFrm_confirm').type(user.password);\ncy.get('#AccountFrm_newsletter0').click();\ncy.get('#AccountFrm_agree').check();\ncy.get('button[title=\"Continue\"]').click();\ncy.log(\"**Verify thank you message**\");\ncy.get('h1.heading1').should('contain', ' Your Account Has Been Created!');",
          "err": {},
          "uuid": "f3bea090-7513-4a66-97cc-7dba84046f2a",
          "parentUUID": "11a07565-8b46-4727-8064-02591ded3050",
          "isHook": false,
          "skipped": false
        }
      ],
      "suites": [],
      "passes": [
        "f3bea090-7513-4a66-97cc-7dba84046f2a"
      ],
      "failures": [],
      "pending": [
        "23dd5a03-fe6b-46ba-afb4-38bd7ed016fb"
      ],
      "skipped": [],
      "duration": 15094,
      "root": true,
      "rootEmpty": false,
      "_timeout": 2000
    },
    {
      "uuid": "952ac7df-ce34-45c0-8e07-8a5ac9c7f570",
      "title": "",
      "fullFile": "cypress\\e2e\\authorization.cy.js",
      "file": "cypress\\e2e\\authorization.cy.js",
      "beforeHooks": [],
      "afterHooks": [],
      "tests": [
        {
          "title": "Authorization",
          "fullTitle": "Authorization",
          "timedOut": null,
          "duration": 13223,
          "state": "passed",
          "speed": "slow",
          "pass": true,
          "fail": false,
          "pending": false,
          "context": null,
          "code": "cy.visit('/index.php?rt=account/login');\ncy.get('#loginFrm_loginname').type(_user.default.userName);\ncy.get('#loginFrm_password').type(_user.default.password);\ncy.get('button[title=\"Login\"]').click();\ncy.get('h1.heading1').should('contain', _user.default.firstName).and('contain', \"My Account\");\ncy.getCookie('AC_SF_8CEFDA09D5').should('exist');",
          "err": {},
          "uuid": "28d46b87-e33f-4aff-88c0-fd4496014c3e",
          "parentUUID": "952ac7df-ce34-45c0-8e07-8a5ac9c7f570",
          "isHook": false,
          "skipped": false
        }
      ],
      "suites": [],
      "passes": [
        "28d46b87-e33f-4aff-88c0-fd4496014c3e"
      ],
      "failures": [],
      "pending": [],
      "skipped": [],
      "duration": 13223,
      "root": true,
      "rootEmpty": false,
      "_timeout": 2000
    }
  ],
  "meta": {
    "mocha": {
      "version": "7.0.1"
    },
    "mochawesome": {
      "options": {
        "quiet": false,
        "reportFilename": "mochawesome",
        "saveHtml": false,
        "saveJson": true,
        "consoleReporter": "spec",
        "useInlineDiffs": false,
        "code": true
      },
      "version": "7.1.3"
    },
    "marge": {
      "options": {
        "reportDir": "cypress/results",
        "overwrite": false,
        "html": false,
        "json": true
      },
      "version": "6.2.0"
    }
  }
}