{
  "stats": {
    "suites": 0,
    "tests": 1,
    "passes": 1,
    "pending": 0,
    "failures": 0,
    "start": "2022-11-08T19:14:59.203Z",
    "end": "2022-11-08T19:15:12.554Z",
    "duration": 13351,
    "testsRegistered": 1,
    "passPercent": 100,
    "pendingPercent": 0,
    "other": 0,
    "hasOther": false,
    "skipped": 0,
    "hasSkipped": false
  },
  "results": [
    {
      "uuid": "952ac7df-ce34-45c0-8e07-8a5ac9c7f570",
      "title": "",
      "fullFile": "cypress\\e2e\\authorization.cy.js",
      "file": "cypress\\e2e\\authorization.cy.js",
      "beforeHooks": [],
      "afterHooks": [],
      "tests": [
        {
          "title": "Authorization",
          "fullTitle": "Authorization",
          "timedOut": null,
          "duration": 13223,
          "state": "passed",
          "speed": "slow",
          "pass": true,
          "fail": false,
          "pending": false,
          "context": null,
          "code": "cy.visit('/index.php?rt=account/login');\ncy.get('#loginFrm_loginname').type(_user.default.userName);\ncy.get('#loginFrm_password').type(_user.default.password);\ncy.get('button[title=\"Login\"]').click();\ncy.get('h1.heading1').should('contain', _user.default.firstName).and('contain', \"My Account\");\ncy.getCookie('AC_SF_8CEFDA09D5').should('exist');",
          "err": {},
          "uuid": "28d46b87-e33f-4aff-88c0-fd4496014c3e",
          "parentUUID": "952ac7df-ce34-45c0-8e07-8a5ac9c7f570",
          "isHook": false,
          "skipped": false
        }
      ],
      "suites": [],
      "passes": [
        "28d46b87-e33f-4aff-88c0-fd4496014c3e"
      ],
      "failures": [],
      "pending": [],
      "skipped": [],
      "duration": 13223,
      "root": true,
      "rootEmpty": false,
      "_timeout": 2000
    }
  ],
  "meta": {
    "mocha": {
      "version": "7.0.1"
    },
    "mochawesome": {
      "options": {
        "quiet": false,
        "reportFilename": "mochawesome",
        "saveHtml": false,
        "saveJson": true,
        "consoleReporter": "spec",
        "useInlineDiffs": false,
        "code": true
      },
      "version": "7.1.3"
    },
    "marge": {
      "options": {
        "reportDir": "cypress/results",
        "overwrite": false,
        "html": false,
        "json": true
      },
      "version": "6.2.0"
    }
  }
}