{
  "stats": {
    "suites": 0,
    "tests": 1,
    "passes": 1,
    "pending": 1,
    "failures": -1,
    "start": "2022-11-08T19:16:00.093Z",
    "end": "2022-11-08T19:16:15.309Z",
    "duration": 15216,
    "testsRegistered": 2,
    "passPercent": 100,
    "pendingPercent": 50,
    "other": 1,
    "hasOther": true,
    "skipped": 0,
    "hasSkipped": false
  },
  "results": [
    {
      "uuid": "11a07565-8b46-4727-8064-02591ded3050",
      "title": "",
      "fullFile": "cypress\\e2e\\registration.cy.js",
      "file": "cypress\\e2e\\registration.cy.js",
      "beforeHooks": [],
      "afterHooks": [],
      "tests": [
        {
          "title": "Registration",
          "fullTitle": "Registration",
          "timedOut": null,
          "duration": 0,
          "state": "pending",
          "speed": null,
          "pass": false,
          "fail": false,
          "pending": true,
          "context": null,
          "code": "",
          "err": {},
          "uuid": "23dd5a03-fe6b-46ba-afb4-38bd7ed016fb",
          "parentUUID": "11a07565-8b46-4727-8064-02591ded3050",
          "isHook": false,
          "skipped": false
        },
        {
          "title": "Registration with faker.js",
          "fullTitle": "Registration with faker.js",
          "timedOut": null,
          "duration": 15094,
          "state": "passed",
          "speed": "slow",
          "pass": true,
          "fail": false,
          "pending": false,
          "context": null,
          "code": "cy.visit('/');\ncy.log(\"**Open registration page**\");\ncy.get('#customer_menu_top').click();\ncy.get('#accountFrm button').click();\ncy.log(\"**Fill the registration form**\");\ncy.get('#AccountFrm_firstname').type(user.firstName);\ncy.get('#AccountFrm_lastname').type(user.lastName);\ncy.get('#AccountFrm_email').type(user.email);\ncy.get('#AccountFrm_address_1').type(user.address);\ncy.get('#AccountFrm_city').type(user.city);\ncy.get('#AccountFrm_zone_id').select(1);\ncy.get('#AccountFrm_postcode').type(user.postcode);\ncy.get('#AccountFrm_country_id').select('United Kingdom');\ncy.get('#AccountFrm_loginname').type(user.userName);\ncy.get('#AccountFrm_password').type(user.password);\ncy.get('#AccountFrm_confirm').type(user.password);\ncy.get('#AccountFrm_newsletter0').click();\ncy.get('#AccountFrm_agree').check();\ncy.get('button[title=\"Continue\"]').click();\ncy.log(\"**Verify thank you message**\");\ncy.get('h1.heading1').should('contain', ' Your Account Has Been Created!');",
          "err": {},
          "uuid": "f3bea090-7513-4a66-97cc-7dba84046f2a",
          "parentUUID": "11a07565-8b46-4727-8064-02591ded3050",
          "isHook": false,
          "skipped": false
        }
      ],
      "suites": [],
      "passes": [
        "f3bea090-7513-4a66-97cc-7dba84046f2a"
      ],
      "failures": [],
      "pending": [
        "23dd5a03-fe6b-46ba-afb4-38bd7ed016fb"
      ],
      "skipped": [],
      "duration": 15094,
      "root": true,
      "rootEmpty": false,
      "_timeout": 2000
    }
  ],
  "meta": {
    "mocha": {
      "version": "7.0.1"
    },
    "mochawesome": {
      "options": {
        "quiet": false,
        "reportFilename": "mochawesome",
        "saveHtml": false,
        "saveJson": true,
        "consoleReporter": "spec",
        "useInlineDiffs": false,
        "code": true
      },
      "version": "7.1.3"
    },
    "marge": {
      "options": {
        "reportDir": "cypress/results",
        "overwrite": false,
        "html": false,
        "json": true
      },
      "version": "6.2.0"
    }
  }
}