{
  "stats": {
    "suites": 0,
    "tests": 1,
    "passes": 1,
    "pending": 0,
    "failures": 0,
    "start": "2022-11-08T19:15:31.940Z",
    "end": "2022-11-08T19:15:48.277Z",
    "duration": 16337,
    "testsRegistered": 1,
    "passPercent": 100,
    "pendingPercent": 0,
    "other": 0,
    "hasOther": false,
    "skipped": 0,
    "hasSkipped": false
  },
  "results": [
    {
      "uuid": "b4834405-02f2-45f6-b98a-8c7b299097df",
      "title": "",
      "fullFile": "cypress\\e2e\\order.cy.js",
      "file": "cypress\\e2e\\order.cy.js",
      "beforeHooks": [],
      "afterHooks": [],
      "tests": [
        {
          "title": "Place order via search with helper",
          "fullTitle": "Place order via search with helper",
          "timedOut": null,
          "duration": 16099,
          "state": "passed",
          "speed": "slow",
          "pass": true,
          "fail": false,
          "pending": false,
          "context": null,
          "code": "cy.visit('/index.php?rt=account/login');\ncy.get('#loginFrm_loginname').type(_user.default.userName);\ncy.get('#loginFrm_password').type(_user.default.password);\ncy.get('button[title=\"Login\"]').click();\ncy.get('h1.heading1').should('contain', _user.default.firstName).and('contain', \"My Account\");\ncy.get('#filter_keyword').type('i').closest('form').submit();\n(0, _helper.searchProductWithRecursion)('Benefit Bella Bamba');\ncy.get('#product_quantity').clear().type('4');\ncy.get('.productpagecart').click();\ncy.get('#cart_checkout1').click();\ncy.get('#checkout_btn').click();\ncy.get('h1.heading1').should('contain', 'Your Order Has Been Processed!');\ncy.get('.contentpanel').should('contain', 'Thank you for shopping with us!').and('contain', 'Your order ').and('contain', 'has been created!');",
          "err": {},
          "uuid": "77a8215a-297b-42ce-91e0-26589130be48",
          "parentUUID": "b4834405-02f2-45f6-b98a-8c7b299097df",
          "isHook": false,
          "skipped": false
        }
      ],
      "suites": [],
      "passes": [
        "77a8215a-297b-42ce-91e0-26589130be48"
      ],
      "failures": [],
      "pending": [],
      "skipped": [],
      "duration": 16099,
      "root": true,
      "rootEmpty": false,
      "_timeout": 2000
    }
  ],
  "meta": {
    "mocha": {
      "version": "7.0.1"
    },
    "mochawesome": {
      "options": {
        "quiet": false,
        "reportFilename": "mochawesome",
        "saveHtml": false,
        "saveJson": true,
        "consoleReporter": "spec",
        "useInlineDiffs": false,
        "code": true
      },
      "version": "7.1.3"
    },
    "marge": {
      "options": {
        "reportDir": "cypress/results",
        "overwrite": false,
        "html": false,
        "json": true
      },
      "version": "6.2.0"
    }
  }
}