{
  "stats": {
    "suites": 0,
    "tests": 2,
    "passes": 2,
    "pending": 0,
    "failures": 0,
    "start": "2022-11-08T19:15:20.149Z",
    "end": "2022-11-08T19:15:26.849Z",
    "duration": 6700,
    "testsRegistered": 2,
    "passPercent": 100,
    "pendingPercent": 0,
    "other": 0,
    "hasOther": false,
    "skipped": 0,
    "hasSkipped": false
  },
  "results": [
    {
      "uuid": "2f0c0835-9666-47ed-9787-0872ecdbe0fc",
      "title": "",
      "fullFile": "cypress\\e2e\\authorizationPageObject.cy.js",
      "file": "cypress\\e2e\\authorizationPageObject.cy.js",
      "beforeHooks": [],
      "afterHooks": [],
      "tests": [
        {
          "title": "Authorization",
          "fullTitle": "Authorization",
          "timedOut": null,
          "duration": 5508,
          "state": "passed",
          "speed": "medium",
          "pass": true,
          "fail": false,
          "pending": false,
          "context": null,
          "code": "_AuthorizationPage.default.visit();\n_AuthorizationPage.default.submitLoginForm(_user.default.userName, _user.default.password);\n_AccountPage.default.getUserNameFromHeading().should('contain', _user.default.firstName).and('contain', \"My Account\");\ncy.getCookie('AC_SF_8CEFDA09D5').should('exist');",
          "err": {},
          "uuid": "dd3d6d67-966a-46e0-b2ab-dd648ba3cf7c",
          "parentUUID": "2f0c0835-9666-47ed-9787-0872ecdbe0fc",
          "isHook": false,
          "skipped": false
        },
        {
          "title": "Test inheritance",
          "fullTitle": "Test inheritance",
          "timedOut": null,
          "duration": 1102,
          "state": "passed",
          "speed": "fast",
          "pass": true,
          "fail": false,
          "pending": false,
          "context": null,
          "code": "_AuthorizationPage.default.visit();\n_AuthorizationPage.default.performSearch('i');",
          "err": {},
          "uuid": "6b018381-dc11-429e-92c4-b7c1c517e40d",
          "parentUUID": "2f0c0835-9666-47ed-9787-0872ecdbe0fc",
          "isHook": false,
          "skipped": false
        }
      ],
      "suites": [],
      "passes": [
        "dd3d6d67-966a-46e0-b2ab-dd648ba3cf7c",
        "6b018381-dc11-429e-92c4-b7c1c517e40d"
      ],
      "failures": [],
      "pending": [],
      "skipped": [],
      "duration": 6610,
      "root": true,
      "rootEmpty": false,
      "_timeout": 2000
    }
  ],
  "meta": {
    "mocha": {
      "version": "7.0.1"
    },
    "mochawesome": {
      "options": {
        "quiet": false,
        "reportFilename": "mochawesome",
        "saveHtml": false,
        "saveJson": true,
        "consoleReporter": "spec",
        "useInlineDiffs": false,
        "code": true
      },
      "version": "7.1.3"
    },
    "marge": {
      "options": {
        "reportDir": "cypress/results",
        "overwrite": false,
        "html": false,
        "json": true
      },
      "version": "6.2.0"
    }
  }
}